0/700 0 0.47075
1/700 0 0.53878
2/700 0 0.56327
3/700 0 0.61043
4/700 0 0.60726
5/700 0 0.63719
6/700 0 0.61179
7/700 0 0.62676
8/700 0 0.63741
9/700 0 0.63039
10/700 0 0.61066
11/700 0 0.63855
12/700 0 0.61927
13/700 0 0.63696
14/700 0 0.61474
15/700 0 0.62041
16/700 0 0.62766
17/700 0 0.55034
18/700 0 0.63061
19/700 0 0.59274
20/700 0 0.56893
21/700 0 0.58163
22/700 0 0.56032
23/700 0 0.56576
24/700 0 0.62971
25/700 0 0.59184
26/700 0 0.51701
27/700 0 0.57528
28/700 0 0.52812
29/700 0 0.55737
30/700 0 0.58299
31/700 0 0.58277
32/700 0 0.58957
33/700 0 0.54671
34/700 0 0.51497
35/700 0 0.55510
36/700 0 0.55964
37/700 0 0.57052
38/700 0 0.48889
39/700 0 0.55147
40/700 0 0.57823
41/700 0 0.49433
42/700 0 0.55442
43/700 0 0.54104
44/700 0 0.56372
45/700 0 0.52426
46/700 0 0.53039
47/700 0 0.58503
48/700 0 0.58095
49/700 0 0.48526
50/700 0 0.51565
51/700 0 0.55215
52/700 0 0.47755
53/700 0 0.53719
54/700 0 0.55601
55/700 0 0.54603
56/700 0 0.51746
57/700 0 0.57211
58/700 0 0.56508
59/700 0 0.57098
60/700 0 0.57052
61/700 0 0.51043
62/700 0 0.57483
63/700 0 0.49705
64/700 0 0.56893
65/700 0 0.53265
66/700 0 0.47279
67/700 0 0.57415
68/700 0 0.54059
69/700 0 0.58685
70/700 0 0.57029
71/700 0 0.47302
72/700 0 0.52993
73/700 0 0.54807
74/700 0 0.54853
75/700 0 0.49773
76/700 0 0.54989
77/700 0 0.52154
78/700 0 0.45760
79/700 0 0.51950
80/700 0 0.54059
81/700 0 0.57347
82/700 0 0.57982
83/700 0 0.57166
84/700 0 0.49478
85/700 0 0.52018
86/700 0 0.51542
87/700 0 0.47392
88/700 0 0.48753
89/700 0 0.51429
90/700 0 0.57120
91/700 0 0.53152
92/700 0 0.53719
93/700 0 0.55351
94/700 0 0.56712
95/700 0 0.55556
96/700 0 0.50181
97/700 0 0.57098
98/700 0 0.53333
99/700 0 0.53288
100/700 0 0.52245
101/700 0 0.51859
102/700 0 0.58707
103/700 0 0.55125
104/700 0 0.51882
105/700 0 0.58821
106/700 0 0.56077
107/700 0 0.57438
108/700 0 0.58912
109/700 0 0.58503
110/700 0 0.53333
111/700 0 0.47347
112/700 0 0.59433
113/700 0 0.60726
114/700 0 0.55306
115/700 0 0.56712
116/700 0 0.56440
117/700 0 0.53515
118/700 0 0.57302
119/700 0 0.54376
120/700 0 0.57256
121/700 0 0.56916
122/700 0 0.48844
123/700 0 0.50703
124/700 0 0.58776
125/700 0 0.54331
126/700 0 0.60907
127/700 0 0.59433
128/700 0 0.56916
129/700 0 0.60930
130/700 0 0.58866
131/700 0 0.52381
132/700 0 0.57574
133/700 0 0.60204
134/700 0 0.60340
135/700 0 0.56349
136/700 0 0.54739
137/700 0 0.58594
138/700 0 0.57166
139/700 0 0.45918
140/700 0 0.52812
141/700 0 0.54308
142/700 0 0.54104
143/700 0 0.53084
144/700 0 0.52608
145/700 0 0.58980
146/700 0 0.46440
147/700 0 0.43832
148/700 0 0.44853
149/700 0 0.50249
150/700 0 0.47959
151/700 0 0.52268
152/700 0 0.49184
153/700 0 0.49025
154/700 0 0.48503
155/700 0 0.41859
156/700 0 0.51791
157/700 0 0.50998
158/700 0 0.48186
159/700 0 0.48776
160/700 0 0.50227
161/700 0 0.46825
162/700 0 0.43265
163/700 0 0.45986
164/700 0 0.49683
165/700 0 0.42449
166/700 0 0.45397
167/700 0 0.47710
168/700 0 0.52041
169/700 0 0.51179
170/700 0 0.54444
171/700 0 0.46259
172/700 0 0.54875
173/700 0 0.52426
174/700 0 0.55850
175/700 0 0.57347
176/700 0 0.57256
177/700 0 0.44580
178/700 0 0.52880
179/700 0 0.48163
180/700 0 0.50907
181/700 0 0.50068
182/700 0 0.54150
183/700 0 0.57324
184/700 0 0.55669
185/700 0 0.53107
186/700 0 0.54785
187/700 0 0.53039
188/700 0 0.53787
189/700 0 0.55329
190/700 0 0.61224
191/700 0 0.54830
192/700 0 0.54671
193/700 0 0.51066
194/700 0 0.52948
195/700 0 0.52154
196/700 0 0.57619
197/700 0 0.57846
198/700 0 0.54512
199/700 0 0.49819
200/700 0 0.54240
201/700 0 0.52245
202/700 0 0.56100
203/700 0 0.49320
204/700 0 0.56463
205/700 0 0.56009
206/700 0 0.52812
207/700 0 0.53016
208/700 0 0.50385
209/700 0 0.52517
210/700 0 0.52834
211/700 0 0.53719
212/700 0 0.50975
213/700 0 0.57302
214/700 0 0.52676
215/700 0 0.50408
216/700 0 0.50045
217/700 0 0.43832
218/700 0 0.54490
219/700 0 0.53107
220/700 0 0.50363
221/700 0 0.51429
222/700 0 0.53220
223/700 0 0.53832
224/700 0 0.52290
225/700 0 0.55873
226/700 0 0.57052
227/700 0 0.58231
228/700 0 0.54444
229/700 0 0.59388
230/700 0 0.57075
231/700 0 0.54036
232/700 0 0.57302
233/700 0 0.59705
234/700 0 0.53832
235/700 0 0.55760
236/700 0 0.53039
237/700 0 0.52608
238/700 0 0.53447
239/700 0 0.52154
240/700 0 0.54807
241/700 0 0.56032
242/700 0 0.52426
243/700 0 0.51769
244/700 0 0.54694
245/700 0 0.55488
246/700 0 0.53515
247/700 0 0.55828
248/700 0 0.53583
249/700 0 0.59002
250/700 0 0.60045
251/700 0 0.56213
252/700 0 0.49773
253/700 0 0.60952
254/700 0 0.52902
255/700 0 0.52313
256/700 0 0.50703
257/700 0 0.51451
258/700 0 0.46712
259/700 0 0.51497
260/700 0 0.54059
261/700 0 0.58322
262/700 0 0.53628
263/700 0 0.48231
264/700 0 0.53129
265/700 0 0.53787
266/700 0 0.53311
267/700 0 0.55102
268/700 0 0.55011
269/700 0 0.52494
270/700 0 0.54354
271/700 0 0.50317
272/700 0 0.53605
273/700 0 0.57483
274/700 0 0.54286
275/700 0 0.56372
276/700 0 0.53855
277/700 0 0.55442
278/700 0 0.58481
279/700 0 0.55782
280/700 0 0.46644
281/700 0 0.57120
282/700 0 0.52540
283/700 0 0.56644
284/700 0 0.56417
285/700 0 0.51995
286/700 0 0.48163
287/700 0 0.56032
288/700 0 0.54331
289/700 0 0.56463
290/700 0 0.49365
291/700 0 0.54762
292/700 0 0.49615
293/700 0 0.51497
294/700 0 0.46372
295/700 0 0.51338
296/700 0 0.58390
297/700 0 0.50431
298/700 0 0.53469
299/700 0 0.48413
300/700 0 0.55578
301/700 0 0.52018
302/700 0 0.46440
303/700 0 0.51383
304/700 0 0.55850
305/700 0 0.55397
306/700 0 0.50408
307/700 0 0.48798
308/700 0 0.53764
309/700 0 0.49728
310/700 0 0.51791
311/700 0 0.57914
312/700 0 0.59796
313/700 0 0.56213
314/700 0 0.53583
315/700 0 0.55442
316/700 0 0.51723
317/700 0 0.49932
318/700 0 0.41519
319/700 0 0.49773
320/700 0 0.49025
321/700 0 0.52789
322/700 0 0.56236
323/700 0 0.53787
324/700 0 0.51814
325/700 0 0.55986
326/700 0 0.57483
327/700 0 0.53741
328/700 0 0.53152
329/700 0 0.54195
330/700 0 0.52132
331/700 0 0.47506
332/700 0 0.54830
333/700 0 0.47438
334/700 0 0.53537
335/700 0 0.48957
336/700 0 0.52902
337/700 0 0.56780
338/700 0 0.49569
339/700 0 0.51202
340/700 0 0.51859
341/700 0 0.51905
342/700 0 0.51905
343/700 0 0.51905
344/700 0 0.51905
345/700 0 0.51905
346/700 0 0.51905
347/700 0 0.51905
348/700 0 0.51905
349/700 0 0.51905
350/700 0 0.51905
351/700 0 0.51905
352/700 0 0.51905
353/700 0 0.51905
354/700 0 0.51905
355/700 0 0.51905
356/700 0 0.51905
357/700 0 0.51905
358/700 0 0.51905
359/700 0 0.51927
360/700 0 0.51927
361/700 0 0.51927
362/700 0 0.51927
363/700 0 0.51927
364/700 0 0.51927
365/700 0 0.51927
366/700 0 0.51927
367/700 0 0.51927
368/700 0 0.51927
369/700 0 0.51905
370/700 0 0.51905
371/700 0 0.51905
372/700 0 0.51905
373/700 0 0.51905
374/700 0 0.51905
375/700 0 0.51905
376/700 0 0.51905
377/700 0 0.51905
378/700 0 0.51905
379/700 0 0.51905
380/700 0 0.51905
381/700 0 0.51905
382/700 0 0.51905
383/700 0 0.51905
384/700 0 0.51905
385/700 0 0.51905
386/700 0 0.51905
387/700 0 0.51882
388/700 0 0.51882
389/700 0 0.51882
390/700 0 0.51882
391/700 0 0.51882
392/700 0 0.51882
393/700 0 0.51882
394/700 0 0.51905
395/700 0 0.51905
396/700 0 0.51905
397/700 0 0.51927
398/700 0 0.51927
399/700 0 0.51927
400/700 0 0.51973
401/700 0 0.51973
402/700 0 0.51973
403/700 0 0.51973
404/700 0 0.51973
405/700 0 0.51973
406/700 0 0.51950
407/700 0 0.51950
408/700 0 0.51950
409/700 0 0.51950
410/700 0 0.51950
411/700 0 0.51927
412/700 0 0.51950
413/700 0 0.51973
414/700 0 0.51973
415/700 0 0.51995
416/700 0 0.51995
417/700 0 0.51995
418/700 0 0.51995
419/700 0 0.52041
420/700 0 0.52041
421/700 0 0.52041
422/700 0 0.52018
423/700 0 0.52018
424/700 0 0.51995
425/700 0 0.51973
426/700 0 0.51950
427/700 0 0.51973
428/700 0 0.51973
429/700 0 0.51973
430/700 0 0.51973
431/700 0 0.51973
432/700 0 0.51973
433/700 0 0.51973
434/700 0 0.51973
435/700 0 0.51973
436/700 0 0.51973
437/700 0 0.51973
438/700 0 0.51927
439/700 0 0.51927
440/700 0 0.51950
441/700 0 0.51950
442/700 0 0.51927
443/700 0 0.51927
444/700 0 0.51950
445/700 0 0.51927
446/700 0 0.51905
447/700 0 0.51973
448/700 0 0.51927
449/700 0 0.51882
450/700 0 0.52109
451/700 0 0.52154
452/700 0 0.52132
453/700 0 0.52109
454/700 0 0.52109
455/700 0 0.52109
456/700 0 0.52132
457/700 0 0.52109
458/700 0 0.52132
459/700 0 0.52132
460/700 0 0.52132
461/700 0 0.52109
462/700 0 0.52154
463/700 0 0.52063
464/700 0 0.52132
465/700 0 0.52177
466/700 0 0.52109
467/700 0 0.54580
468/700 0 0.53923
469/700 0 0.46485
470/700 0 0.55102
471/700 0 0.51361
472/700 0 0.49909
473/700 0 0.54739
474/700 0 0.55510
475/700 0 0.51633
476/700 0 0.57596
477/700 0 0.54694
478/700 0 0.50839
479/700 0 0.58254
480/700 0 0.54853
481/700 0 0.54127
482/700 0 0.52925
483/700 0 0.50884
484/700 0 0.57302
485/700 0 0.55896
486/700 0 0.50771
487/700 0 0.56757
488/700 0 0.52132
489/700 0 0.59728
490/700 0 0.56032
491/700 0 0.44626
492/700 0 0.47234
493/700 0 0.46372
494/700 0 0.48345
495/700 0 0.52585
496/700 0 0.52177
497/700 0 0.47778
498/700 0 0.52426
499/700 0 0.54512
500/700 0 0.48639
501/700 0 0.53197
502/700 0 0.47800
503/700 0 0.46984
504/700 0 0.50680
505/700 0 0.44444
506/700 0 0.52517
507/700 0 0.54399
508/700 0 0.54535
509/700 0 0.53583
510/700 0 0.48141
511/700 0 0.44921
512/700 0 0.53832
513/700 0 0.52902
514/700 0 0.44603
515/700 0 0.59093
516/700 0 0.58073
517/700 0 0.56508
518/700 0 0.55850
519/700 0 0.56553
520/700 0 0.54603
521/700 0 0.58231
522/700 0 0.57778
523/700 0 0.55873
524/700 0 0.50635
525/700 0 0.46417
526/700 0 0.49274
527/700 0 0.50726
528/700 0 0.52336
529/700 0 0.50975
530/700 0 0.53560
531/700 0 0.48367
532/700 0 0.51043
533/700 0 0.54399
534/700 0 0.49002
535/700 0 0.49048
536/700 0 0.46281
537/700 0 0.52993
538/700 0 0.50680
539/700 0 0.49229
540/700 0 0.48957
541/700 0 0.48798
542/700 0 0.49025
543/700 0 0.44240
544/700 0 0.49569
545/700 0 0.47392
546/700 0 0.51791
547/700 0 0.49320
548/700 0 0.53492
549/700 0 0.48685
550/700 0 0.52766
551/700 0 0.56032
552/700 0 0.50181
553/700 0 0.59274
554/700 0 0.53129
555/700 0 0.55079
556/700 0 0.51655
557/700 0 0.50499
558/700 0 0.55941
559/700 0 0.50952
560/700 0 0.58798
561/700 0 0.58503
562/700 0 0.59433
563/700 0 0.49456
564/700 0 0.57937
565/700 0 0.51995
566/700 0 0.54875
567/700 0 0.55533
568/700 0 0.59116
569/700 0 0.56893
570/700 0 0.48186
571/700 0 0.49456
572/700 0 0.51905
573/700 0 0.48707
574/700 0 0.52562
575/700 0 0.54376
576/700 0 0.53175
577/700 0 0.51701
578/700 0 0.48821
579/700 0 0.53560
580/700 0 0.52676
581/700 0 0.47256
582/700 0 0.51950
583/700 0 0.49728
584/700 0 0.48005
585/700 0 0.48571
586/700 0 0.50522
587/700 0 0.52925
588/700 0 0.56485
589/700 0 0.58141
590/700 0 0.58209
591/700 0 0.50091
592/700 0 0.58163
593/700 0 0.52086
594/700 0 0.56327
595/700 0 0.52018
596/700 0 0.51134
597/700 0 0.55170
598/700 0 0.58526
599/700 0 0.57234
600/700 0 0.55737
601/700 0 0.54014
602/700 0 0.48277
603/700 0 0.50295
604/700 0 0.53152
605/700 0 0.55624
606/700 0 0.56531
607/700 0 0.56689
608/700 0 0.55465
609/700 0 0.54649
610/700 0 0.56599
611/700 0 0.55442
612/700 0 0.49342
613/700 0 0.50862
614/700 0 0.46531
615/700 0 0.54739
616/700 0 0.49728
617/700 0 0.55533
618/700 0 0.47166
619/700 0 0.51723
620/700 0 0.53039
621/700 0 0.53265
622/700 0 0.52925
623/700 0 0.42902
624/700 0 0.50317
625/700 0 0.48458
626/700 0 0.51837
627/700 0 0.47551
628/700 0 0.46576
629/700 0 0.51315
630/700 0 0.56485
631/700 0 0.51565
632/700 0 0.52313
633/700 0 0.54059
634/700 0 0.53719
635/700 0 0.55737
636/700 0 0.55193
637/700 0 0.54376
638/700 0 0.50771
639/700 0 0.51247
640/700 0 0.54490
641/700 0 0.56825
642/700 0 0.52857
643/700 0 0.54286
644/700 0 0.55420
645/700 0 0.54444
646/700 0 0.57120
647/700 0 0.55102
648/700 0 0.55125
649/700 0 0.58186
650/700 0 0.62063
651/700 0 0.48707
652/700 0 0.55193
653/700 0 0.55102
654/700 0 0.57324
655/700 0 0.48685
656/700 0 0.48594
657/700 0 0.53923
658/700 0 0.55442
659/700 0 0.49592
660/700 0 0.47574
661/700 0 0.52449
662/700 0 0.46984
663/700 0 0.50884
664/700 0 0.50023
665/700 0 0.51179
666/700 0 0.51361
667/700 0 0.51361
668/700 0 0.51361
669/700 0 0.51361
670/700 0 0.51361
671/700 0 0.51361
672/700 0 0.51361
673/700 0 0.51361
674/700 0 0.51361
675/700 0 0.51361
676/700 0 0.51361
677/700 0 0.51361
678/700 0 0.51361
679/700 0 0.51361
680/700 0 0.51361
681/700 0 0.51361
682/700 0 0.51361
683/700 0 0.51361
684/700 0 0.51361
685/700 0 0.51361
686/700 0 0.51361
687/700 0 0.51361
688/700 0 0.51361
689/700 0 0.51361
690/700 0 0.51361
691/700 0 0.51361
692/700 0 0.51361
693/700 0 0.51361
694/700 0 0.51361
695/700 0 0.51361
696/700 0 0.51361
697/700 0 0.51361
698/700 0 0.51361
699/700 0 0.51361
