0/700 0 0.68458
1/700 0 0.81723
2/700 0 0.86077
3/700 0 0.86576
4/700 0 0.87075
5/700 0 0.88481
6/700 0 0.87460
7/700 0 0.89138
8/700 0 0.89048
9/700 0 0.89887
10/700 0 0.88458
11/700 0 0.87868
12/700 0 0.90862
13/700 0 0.90249
14/700 0 0.90567
15/700 0 0.91655
16/700 0 0.89546
17/700 0 0.92018
18/700 0 0.90272
19/700 0 0.90454
20/700 0 0.91973
21/700 0 0.91066
22/700 0 0.92336
23/700 0 0.92857
24/700 0 0.91678
25/700 0 0.91383
26/700 0 0.93447
27/700 0 0.92540
28/700 0 0.92177
29/700 0 0.93084
30/700 0 0.92018
31/700 0 0.91995
32/700 0 0.92540
33/700 0 0.91927
34/700 0 0.91995
35/700 0 0.91406
36/700 0 0.93311
37/700 0 0.92086
38/700 0 0.93084
39/700 0 0.93401
40/700 0 0.91927
41/700 0 0.93605
42/700 0 0.93560
43/700 0 0.94649
44/700 0 0.95351
45/700 0 0.93265
46/700 0 0.93424
47/700 0 0.92177
48/700 0 0.93651
49/700 0 0.94059
50/700 0 0.92313
51/700 0 0.93673
52/700 0 0.94444
53/700 0 0.93651
54/700 0 0.91134
55/700 0 0.92721
56/700 0 0.92812
57/700 0 0.92404
58/700 0 0.93741
59/700 0 0.93311
60/700 0 0.92925
61/700 0 0.91837
62/700 0 0.93583
63/700 0 0.93311
64/700 0 0.94875
65/700 0 0.94921
66/700 0 0.93537
67/700 0 0.93605
68/700 0 0.94558
69/700 0 0.94739
70/700 0 0.95215
71/700 0 0.94104
72/700 0 0.93016
73/700 0 0.93492
74/700 0 0.95011
75/700 0 0.94785
76/700 0 0.95147
77/700 0 0.92562
78/700 0 0.94399
79/700 0 0.93787
80/700 0 0.94467
81/700 0 0.94512
82/700 0 0.95079
83/700 0 0.94717
84/700 0 0.94082
85/700 0 0.94354
86/700 0 0.93991
87/700 0 0.94331
88/700 0 0.94308
89/700 0 0.94082
90/700 0 0.94512
91/700 0 0.94626
92/700 0 0.95057
93/700 0 0.93832
94/700 0 0.93515
95/700 0 0.93832
96/700 0 0.93401
97/700 0 0.94127
98/700 0 0.94649
99/700 0 0.94785
100/700 0 0.94853
101/700 0 0.94308
102/700 0 0.94014
103/700 0 0.94014
104/700 0 0.94717
105/700 0 0.95351
106/700 0 0.95420
107/700 0 0.92880
108/700 0 0.93220
109/700 0 0.95465
110/700 0 0.92698
111/700 0 0.93810
112/700 0 0.94399
113/700 0 0.94376
114/700 0 0.94150
115/700 0 0.95306
116/700 0 0.94603
117/700 0 0.94512
118/700 0 0.94150
119/700 0 0.94671
120/700 0 0.95397
121/700 0 0.92154
122/700 0 0.93492
123/700 0 0.95215
124/700 0 0.94694
125/700 0 0.94558
126/700 0 0.94059
127/700 0 0.95646
128/700 0 0.95011
129/700 0 0.95147
130/700 0 0.94921
131/700 0 0.95238
132/700 0 0.94943
133/700 0 0.95125
134/700 0 0.94308
135/700 0 0.96145
136/700 0 0.95057
137/700 0 0.92404
138/700 0 0.93401
139/700 0 0.94989
140/700 0 0.94558
141/700 0 0.94082
142/700 0 0.95283
143/700 0 0.94875
144/700 0 0.94580
145/700 0 0.93719
146/700 0 0.95465
147/700 0 0.94921
148/700 0 0.95533
149/700 0 0.94717
150/700 0 0.94580
151/700 0 0.93900
152/700 0 0.94558
153/700 0 0.95488
154/700 0 0.95828
155/700 0 0.96145
156/700 0 0.95102
157/700 0 0.95261
158/700 0 0.95147
159/700 0 0.92812
160/700 0 0.94150
161/700 0 0.95011
162/700 0 0.95828
163/700 0 0.96032
164/700 0 0.96440
165/700 0 0.96440
166/700 0 0.96485
167/700 0 0.96508
168/700 0 0.96440
169/700 0 0.96417
170/700 0 0.96440
171/700 0 0.96417
172/700 0 0.96463
173/700 0 0.96463
174/700 0 0.96463
175/700 0 0.96440
176/700 0 0.96440
177/700 0 0.96440
178/700 0 0.96440
179/700 0 0.96440
180/700 0 0.96440
181/700 0 0.96485
182/700 0 0.96485
183/700 0 0.96463
184/700 0 0.96485
185/700 0 0.96485
186/700 0 0.96508
187/700 0 0.96485
188/700 0 0.96485
189/700 0 0.96485
190/700 0 0.96508
191/700 0 0.96508
192/700 0 0.96508
193/700 0 0.96508
194/700 0 0.96508
195/700 0 0.96508
196/700 0 0.96576
197/700 0 0.96576
198/700 0 0.96576
199/700 0 0.96576
200/700 0 0.96576
201/700 0 0.96599
202/700 0 0.96599
203/700 0 0.96621
204/700 0 0.96644
205/700 0 0.96644
206/700 0 0.96621
207/700 0 0.96621
208/700 0 0.96621
209/700 0 0.96621
210/700 0 0.96599
211/700 0 0.96599
212/700 0 0.96621
213/700 0 0.96599
214/700 0 0.96599
215/700 0 0.96599
216/700 0 0.96644
217/700 0 0.96644
218/700 0 0.96644
219/700 0 0.96644
220/700 0 0.96667
221/700 0 0.96689
222/700 0 0.96667
223/700 0 0.96689
224/700 0 0.96667
225/700 0 0.96689
226/700 0 0.96689
227/700 0 0.96689
228/700 0 0.96689
229/700 0 0.96689
230/700 0 0.96667
231/700 0 0.96667
232/700 0 0.96644
233/700 0 0.96621
234/700 0 0.96621
235/700 0 0.96621
236/700 0 0.96621
237/700 0 0.96644
238/700 0 0.96644
239/700 0 0.96644
240/700 0 0.96599
241/700 0 0.96599
242/700 0 0.96621
243/700 0 0.96576
244/700 0 0.96599
245/700 0 0.96599
246/700 0 0.96599
247/700 0 0.96599
248/700 0 0.96599
249/700 0 0.96576
250/700 0 0.96599
251/700 0 0.96621
252/700 0 0.96599
253/700 0 0.96599
254/700 0 0.96599
255/700 0 0.96599
256/700 0 0.96599
257/700 0 0.96599
258/700 0 0.96599
259/700 0 0.96599
260/700 0 0.96599
261/700 0 0.96599
262/700 0 0.96621
263/700 0 0.96667
264/700 0 0.96621
265/700 0 0.96621
266/700 0 0.96644
267/700 0 0.96621
268/700 0 0.96599
269/700 0 0.96576
270/700 0 0.96644
271/700 0 0.96576
272/700 0 0.93696
273/700 0 0.95488
274/700 0 0.95578
275/700 0 0.95329
276/700 0 0.95556
277/700 0 0.94649
278/700 0 0.95238
279/700 0 0.96032
280/700 0 0.95488
281/700 0 0.95918
282/700 0 0.94308
283/700 0 0.93651
284/700 0 0.94580
285/700 0 0.95170
286/700 0 0.94286
287/700 0 0.95170
288/700 0 0.93810
289/700 0 0.94830
290/700 0 0.95442
291/700 0 0.95329
292/700 0 0.94853
293/700 0 0.95488
294/700 0 0.95261
295/700 0 0.94943
296/700 0 0.93923
297/700 0 0.95351
298/700 0 0.93991
299/700 0 0.95351
300/700 0 0.95374
301/700 0 0.93878
302/700 0 0.93537
303/700 0 0.95646
304/700 0 0.95215
305/700 0 0.95624
306/700 0 0.94580
307/700 0 0.94444
308/700 0 0.95170
309/700 0 0.95442
310/700 0 0.95351
311/700 0 0.94989
312/700 0 0.93719
313/700 0 0.94490
314/700 0 0.94785
315/700 0 0.95170
316/700 0 0.94558
317/700 0 0.94422
318/700 0 0.95941
319/700 0 0.95442
320/700 0 0.93878
321/700 0 0.94921
322/700 0 0.95420
323/700 0 0.95510
324/700 0 0.95510
325/700 0 0.95488
326/700 0 0.95510
327/700 0 0.95510
328/700 0 0.95533
329/700 0 0.95556
330/700 0 0.95556
331/700 0 0.95556
332/700 0 0.95578
333/700 0 0.95556
334/700 0 0.95556
335/700 0 0.95556
336/700 0 0.95556
337/700 0 0.95556
338/700 0 0.95556
339/700 0 0.95556
340/700 0 0.95556
341/700 0 0.95578
342/700 0 0.95601
343/700 0 0.95646
344/700 0 0.95646
345/700 0 0.95646
346/700 0 0.95646
347/700 0 0.95646
348/700 0 0.95646
349/700 0 0.95646
350/700 0 0.95646
351/700 0 0.95624
352/700 0 0.95624
353/700 0 0.95624
354/700 0 0.95624
355/700 0 0.95624
356/700 0 0.95624
357/700 0 0.95646
358/700 0 0.95601
359/700 0 0.95646
360/700 0 0.95646
361/700 0 0.95646
362/700 0 0.95646
363/700 0 0.95646
364/700 0 0.95669
365/700 0 0.95669
366/700 0 0.95669
367/700 0 0.95669
368/700 0 0.95669
369/700 0 0.95624
370/700 0 0.95624
371/700 0 0.95646
372/700 0 0.95646
373/700 0 0.95646
374/700 0 0.95646
375/700 0 0.95646
376/700 0 0.95646
377/700 0 0.95669
378/700 0 0.95669
379/700 0 0.95692
380/700 0 0.95692
381/700 0 0.95646
382/700 0 0.95646
383/700 0 0.95646
384/700 0 0.95646
385/700 0 0.95669
386/700 0 0.95669
387/700 0 0.95669
388/700 0 0.95646
389/700 0 0.95646
390/700 0 0.95646
391/700 0 0.95624
392/700 0 0.95646
393/700 0 0.95646
394/700 0 0.95646
395/700 0 0.95646
396/700 0 0.95669
397/700 0 0.95669
398/700 0 0.95646
399/700 0 0.95624
400/700 0 0.95624
401/700 0 0.95624
402/700 0 0.95624
403/700 0 0.95669
404/700 0 0.95646
405/700 0 0.95646
406/700 0 0.95646
407/700 0 0.95646
408/700 0 0.95646
409/700 0 0.95669
410/700 0 0.95669
411/700 0 0.95646
412/700 0 0.95669
413/700 0 0.95646
414/700 0 0.95646
415/700 0 0.95646
416/700 0 0.95646
