0/700 0.60499
1/700 0.72608
2/700 0.81156
3/700 0.84263
4/700 0.84195
5/700 0.84762
6/700 0.85760
7/700 0.85351
8/700 0.86893
9/700 0.85057
10/700 0.88118
11/700 0.86463
12/700 0.86644
13/700 0.88322
14/700 0.88141
15/700 0.88299
16/700 0.86463
17/700 0.87982
18/700 0.87007
19/700 0.88844
20/700 0.89161
21/700 0.87052
22/700 0.88413
23/700 0.86508
24/700 0.87574
25/700 0.88503
26/700 0.89433
27/700 0.87755
28/700 0.88594
29/700 0.89116
30/700 0.88571
31/700 0.87664
32/700 0.88186
33/700 0.89683
34/700 0.89569
35/700 0.88435
36/700 0.89116
37/700 0.89433
38/700 0.89524
39/700 0.90454
40/700 0.90635
41/700 0.90544
42/700 0.89864
43/700 0.90839
44/700 0.91270
45/700 0.90476
46/700 0.89320
47/700 0.89320
48/700 0.89660
49/700 0.88889
50/700 0.89887
51/700 0.91610
52/700 0.91655
53/700 0.90816
54/700 0.90499
55/700 0.90499
56/700 0.90159
57/700 0.91633
58/700 0.92200
59/700 0.91542
60/700 0.91088
61/700 0.90385
62/700 0.89569
63/700 0.90499
64/700 0.90136
65/700 0.90113
66/700 0.89410
67/700 0.91202
68/700 0.88526
69/700 0.90136
70/700 0.91633
71/700 0.90454
72/700 0.91655
73/700 0.92132
74/700 0.88798
75/700 0.91202
76/700 0.91020
77/700 0.90884
78/700 0.91610
79/700 0.92177
80/700 0.89864
81/700 0.91791
82/700 0.89796
83/700 0.90658
84/700 0.90023
85/700 0.89660
86/700 0.89592
87/700 0.90295
88/700 0.90113
89/700 0.89070
90/700 0.89161
91/700 0.90658
92/700 0.88934
93/700 0.90590
94/700 0.90408
95/700 0.90136
96/700 0.89138
97/700 0.89773
98/700 0.90113
99/700 0.90363
100/700 0.88730
101/700 0.91429
102/700 0.91111
103/700 0.91088
104/700 0.90839
105/700 0.91542
106/700 0.91088
107/700 0.90091
108/700 0.90340
109/700 0.91678
110/700 0.89297
111/700 0.91293
112/700 0.90181
113/700 0.90181
114/700 0.88798
115/700 0.90771
116/700 0.90000
117/700 0.91293
118/700 0.91474
119/700 0.92449
120/700 0.90295
121/700 0.88413
122/700 0.92449
123/700 0.91905
124/700 0.92812
125/700 0.92336
126/700 0.90340
127/700 0.88980
128/700 0.91519
129/700 0.91293
130/700 0.91655
131/700 0.92268
132/700 0.91995
133/700 0.92902
134/700 0.90952
135/700 0.91723
136/700 0.90748
137/700 0.90930
138/700 0.91020
139/700 0.91587
140/700 0.91383
141/700 0.91587
142/700 0.91633
143/700 0.92222
144/700 0.92154
145/700 0.92608
146/700 0.92449
147/700 0.92154
148/700 0.90839
149/700 0.90136
150/700 0.90726
151/700 0.91973
152/700 0.92381
153/700 0.91156
154/700 0.90612
155/700 0.91497
156/700 0.91655
157/700 0.91837
158/700 0.91587
159/700 0.91791
160/700 0.92517
161/700 0.90862
162/700 0.91746
163/700 0.91973
164/700 0.91383
165/700 0.91995
166/700 0.91746
167/700 0.90907
168/700 0.92608
169/700 0.93152
170/700 0.92902
171/700 0.91837
172/700 0.90567
173/700 0.89478
174/700 0.91587
175/700 0.91610
176/700 0.91542
177/700 0.91769
178/700 0.91973
179/700 0.92290
180/700 0.92472
181/700 0.90998
182/700 0.92426
183/700 0.91020
184/700 0.91202
185/700 0.91701
186/700 0.92426
187/700 0.91814
188/700 0.91111
189/700 0.91338
190/700 0.91202
191/700 0.91678
192/700 0.92336
193/700 0.92245
194/700 0.91361
195/700 0.91587
196/700 0.91723
197/700 0.92585
198/700 0.92358
199/700 0.92698
200/700 0.93016
201/700 0.92404
202/700 0.92132
203/700 0.92222
204/700 0.92132
205/700 0.91723
206/700 0.92472
207/700 0.88277
208/700 0.91701
209/700 0.92902
210/700 0.92268
211/700 0.92948
212/700 0.92086
213/700 0.91542
214/700 0.90159
215/700 0.91973
216/700 0.92517
217/700 0.91587
218/700 0.91383
219/700 0.88435
220/700 0.92154
221/700 0.91882
222/700 0.92041
223/700 0.90680
224/700 0.91497
225/700 0.91293
226/700 0.91905
227/700 0.92041
228/700 0.91882
229/700 0.91882
230/700 0.91746
231/700 0.91293
232/700 0.90680
233/700 0.91905
234/700 0.92132
235/700 0.92154
236/700 0.92426
237/700 0.90998
238/700 0.93243
239/700 0.91791
240/700 0.92268
241/700 0.92630
242/700 0.92721
243/700 0.89841
244/700 0.92653
245/700 0.91633
246/700 0.92290
247/700 0.93764
248/700 0.93084
249/700 0.92018
250/700 0.89683
251/700 0.92177
252/700 0.91224
253/700 0.89206
254/700 0.92018
255/700 0.90998
256/700 0.92041
257/700 0.92404
258/700 0.92200
259/700 0.92313
260/700 0.92653
261/700 0.89841
262/700 0.92608
263/700 0.91406
264/700 0.91020
265/700 0.91338
266/700 0.92812
267/700 0.89388
268/700 0.93379
269/700 0.92517
270/700 0.92902
271/700 0.92268
272/700 0.92472
273/700 0.92472
274/700 0.92404
275/700 0.92268
276/700 0.91655
277/700 0.91519
278/700 0.92630
279/700 0.92993
280/700 0.93129
281/700 0.93152
282/700 0.92812
283/700 0.92925
284/700 0.93039
285/700 0.93039
286/700 0.93039
287/700 0.93039
288/700 0.93061
289/700 0.93061
290/700 0.93061
291/700 0.93084
292/700 0.93084
293/700 0.93061
294/700 0.93084
295/700 0.93084
296/700 0.93107
297/700 0.93107
298/700 0.93107
299/700 0.93107
300/700 0.93107
301/700 0.93084
302/700 0.93107
303/700 0.93107
304/700 0.93084
305/700 0.93084
306/700 0.93084
307/700 0.93129
308/700 0.93152
309/700 0.93152
310/700 0.93152
311/700 0.93152
312/700 0.93152
313/700 0.93152
314/700 0.93197
315/700 0.93197
316/700 0.93152
317/700 0.93152
318/700 0.93152
319/700 0.93152
320/700 0.93107
321/700 0.93084
322/700 0.93107
323/700 0.93107
324/700 0.93107
325/700 0.93152
326/700 0.93152
327/700 0.93107
328/700 0.93107
329/700 0.93152
330/700 0.93152
331/700 0.93152
332/700 0.93129
333/700 0.93129
334/700 0.93129
335/700 0.93152
336/700 0.93152
337/700 0.93152
338/700 0.93152
339/700 0.93129
340/700 0.93175
341/700 0.93175
342/700 0.93152
343/700 0.93175
344/700 0.93197
345/700 0.93152
346/700 0.93197
347/700 0.93220
348/700 0.93197
349/700 0.93220
350/700 0.93197
351/700 0.93152
352/700 0.93175
353/700 0.93129
354/700 0.93129
355/700 0.93129
356/700 0.93107
357/700 0.93061
358/700 0.93107
359/700 0.93084
360/700 0.93175
361/700 0.93152
362/700 0.93129
363/700 0.93129
364/700 0.93175
365/700 0.93197
366/700 0.93197
367/700 0.93175
368/700 0.93129
369/700 0.93129
370/700 0.93220
371/700 0.93220
372/700 0.93197
373/700 0.93220
374/700 0.93220
375/700 0.93220
376/700 0.93220
377/700 0.93175
378/700 0.93265
379/700 0.93265
380/700 0.93265
381/700 0.93220
382/700 0.93288
383/700 0.93288
384/700 0.93333
385/700 0.93356
386/700 0.93401
387/700 0.93288
388/700 0.91111
389/700 0.91361
390/700 0.93220
391/700 0.92744
392/700 0.92381
393/700 0.92834
394/700 0.93356
395/700 0.93333
396/700 0.90975
397/700 0.91995
398/700 0.91066
399/700 0.92154
400/700 0.92268
401/700 0.92404
402/700 0.92517
403/700 0.91587
404/700 0.91973
405/700 0.90862
406/700 0.91383
407/700 0.91769
408/700 0.92245
409/700 0.92540
410/700 0.92834
411/700 0.92426
412/700 0.92426
413/700 0.92630
414/700 0.92585
415/700 0.92358
416/700 0.92018
417/700 0.92268
418/700 0.92336
419/700 0.92880
420/700 0.92834
421/700 0.92766
422/700 0.92426
423/700 0.92789
424/700 0.92336
425/700 0.92608
426/700 0.92608
427/700 0.92608
428/700 0.92608
429/700 0.92608
430/700 0.92630
431/700 0.92630
432/700 0.92630
433/700 0.92630
434/700 0.92630
435/700 0.92630
436/700 0.92630
437/700 0.92630
438/700 0.92630
439/700 0.92630
440/700 0.92608
441/700 0.92608
442/700 0.92608
443/700 0.92608
444/700 0.92608
445/700 0.92608
446/700 0.92608
447/700 0.92608
448/700 0.92630
449/700 0.92653
450/700 0.92653
451/700 0.92608
452/700 0.92630
453/700 0.92608
454/700 0.92585
455/700 0.92585
456/700 0.92608
457/700 0.92608
458/700 0.92630
459/700 0.92608
460/700 0.92608
461/700 0.92608
462/700 0.92608
463/700 0.92630
464/700 0.92630
465/700 0.92630
