0/300 0 0.65125
1/300 0 0.77846
2/300 0 0.81224
3/300 0 0.82766
4/300 0 0.84376
5/300 0 0.86009
6/300 0 0.85828
7/300 0 0.86599
8/300 0 0.86304
9/300 0 0.87506
10/300 0 0.87755
11/300 0 0.86372
12/300 0 0.86780
13/300 0 0.87234
14/300 0 0.87551
15/300 0 0.88753
16/300 0 0.88073
17/300 0 0.89841
18/300 0 0.88095
19/300 0 0.89116
20/300 0 0.89683
21/300 0 0.89478
22/300 0 0.88662
23/300 0 0.88322
24/300 0 0.89592
25/300 0 0.89274
26/300 0 0.90136
27/300 0 0.90227
28/300 0 0.90181
29/300 0 0.89048
30/300 0 0.90726
31/300 0 0.89592
32/300 0 0.87324
33/300 0 0.89819
34/300 0 0.91610
35/300 0 0.91497
36/300 0 0.89615
37/300 0 0.86984
38/300 0 0.91995
39/300 0 0.92063
40/300 0 0.90363
41/300 0 0.92245
42/300 0 0.89955
43/300 0 0.92585
44/300 0 0.91043
45/300 0 0.91927
46/300 0 0.91134
47/300 0 0.90726
48/300 0 0.91270
49/300 0 0.89342
50/300 0 0.90975
51/300 0 0.90839
52/300 0 0.88685
53/300 0 0.89274
54/300 0 0.90590
55/300 0 0.91927
56/300 0 0.91859
57/300 0 0.91723
58/300 0 0.91837
59/300 0 0.91746
60/300 0 0.91973
61/300 0 0.91927
62/300 0 0.91882
63/300 0 0.91905
64/300 0 0.91995
65/300 0 0.91905
66/300 0 0.91950
67/300 0 0.91927
68/300 0 0.92018
69/300 0 0.91950
70/300 0 0.91927
71/300 0 0.92041
72/300 0 0.92018
73/300 0 0.92018
74/300 0 0.91927
75/300 0 0.91995
76/300 0 0.91927
77/300 0 0.92041
78/300 0 0.91950
79/300 0 0.91950
80/300 0 0.92018
81/300 0 0.91995
82/300 0 0.91927
83/300 0 0.91995
84/300 0 0.91950
85/300 0 0.92018
86/300 0 0.91905
87/300 0 0.91882
88/300 0 0.91859
89/300 0 0.91837
90/300 0 0.91859
91/300 0 0.91837
92/300 0 0.91837
93/300 0 0.91791
94/300 0 0.91791
95/300 0 0.91837
96/300 0 0.91859
97/300 0 0.91837
98/300 0 0.91905
99/300 0 0.91859
100/300 0 0.91927
101/300 0 0.91950
102/300 0 0.91837
103/300 0 0.91859
104/300 0 0.91905
105/300 0 0.91814
106/300 0 0.91791
107/300 0 0.91814
108/300 0 0.91882
109/300 0 0.91814
110/300 0 0.91814
111/300 0 0.91769
112/300 0 0.91905
113/300 0 0.91837
114/300 0 0.91859
115/300 0 0.91791
116/300 0 0.91723
117/300 0 0.91791
118/300 0 0.91769
119/300 0 0.91814
120/300 0 0.91746
121/300 0 0.91791
122/300 0 0.91769
123/300 0 0.91746
124/300 0 0.91791
125/300 0 0.91746
126/300 0 0.91769
127/300 0 0.91814
128/300 0 0.91791
129/300 0 0.91791
130/300 0 0.91791
131/300 0 0.91814
132/300 0 0.91859
133/300 0 0.91791
134/300 0 0.80771
135/300 0 0.91542
136/300 0 0.91746
137/300 0 0.91973
138/300 0 0.92245
139/300 0 0.92109
140/300 0 0.92268
141/300 0 0.92268
142/300 0 0.92268
143/300 0 0.92290
144/300 0 0.92290
145/300 0 0.92290
146/300 0 0.92358
147/300 0 0.92426
148/300 0 0.92404
149/300 0 0.92449
150/300 0 0.92472
151/300 0 0.92449
152/300 0 0.92562
153/300 0 0.92608
154/300 0 0.92608
155/300 0 0.92630
156/300 0 0.92585
157/300 0 0.92585
158/300 0 0.92653
159/300 0 0.92630
160/300 0 0.92562
161/300 0 0.92562
162/300 0 0.92585
163/300 0 0.92608
164/300 0 0.92630
165/300 0 0.92676
166/300 0 0.92653
167/300 0 0.92676
168/300 0 0.92721
169/300 0 0.92698
170/300 0 0.92744
171/300 0 0.92721
172/300 0 0.92676
173/300 0 0.92698
174/300 0 0.92608
175/300 0 0.92721
176/300 0 0.92721
177/300 0 0.92744
178/300 0 0.92698
179/300 0 0.92698
180/300 0 0.92676
181/300 0 0.92676
182/300 0 0.92630
183/300 0 0.92630
184/300 0 0.92608
185/300 0 0.92585
186/300 0 0.92562
187/300 0 0.92608
188/300 0 0.92585
189/300 0 0.92540
190/300 0 0.92517
191/300 0 0.92540
192/300 0 0.92540
193/300 0 0.92494
194/300 0 0.92494
195/300 0 0.92426
196/300 0 0.92517
197/300 0 0.92449
198/300 0 0.92517
199/300 0 0.92562
200/300 0 0.92381
201/300 0 0.92540
202/300 0 0.92404
203/300 0 0.92494
204/300 0 0.92517
205/300 0 0.92494
206/300 0 0.92494
207/300 0 0.92517
208/300 0 0.92449
209/300 0 0.92449
210/300 0 0.92404
211/300 0 0.92358
212/300 0 0.92426
213/300 0 0.92449
214/300 0 0.92494
215/300 0 0.92472
216/300 0 0.92494
217/300 0 0.92517
218/300 0 0.92540
219/300 0 0.92562
220/300 0 0.92540
221/300 0 0.92562
222/300 0 0.92517
223/300 0 0.92562
224/300 0 0.92494
225/300 0 0.92494
226/300 0 0.92472
227/300 0 0.92517
228/300 0 0.92472
229/300 0 0.89320
230/300 0 0.90385
231/300 0 0.92200
232/300 0 0.92109
233/300 0 0.92698
234/300 0 0.92789
235/300 0 0.92812
236/300 0 0.92857
237/300 0 0.92857
238/300 0 0.92834
239/300 0 0.92857
240/300 0 0.92812
241/300 0 0.92834
242/300 0 0.92834
243/300 0 0.92812
244/300 0 0.92812
245/300 0 0.92766
246/300 0 0.92744
247/300 0 0.92698
248/300 0 0.92698
249/300 0 0.92653
250/300 0 0.92608
251/300 0 0.92630
252/300 0 0.92608
253/300 0 0.92585
254/300 0 0.92630
255/300 0 0.92744
256/300 0 0.92676
257/300 0 0.92630
258/300 0 0.92676
259/300 0 0.92676
260/300 0 0.92676
261/300 0 0.92676
262/300 0 0.92676
263/300 0 0.92698
264/300 0 0.92721
265/300 0 0.92721
266/300 0 0.92676
267/300 0 0.92676
268/300 0 0.92676
269/300 0 0.92676
270/300 0 0.92698
271/300 0 0.92698
272/300 0 0.92721
273/300 0 0.92744
274/300 0 0.92766
275/300 0 0.92812
276/300 0 0.92789
277/300 0 0.92812
278/300 0 0.92834
279/300 0 0.92789
280/300 0 0.92721
281/300 0 0.92721
282/300 0 0.92744
283/300 0 0.92789
284/300 0 0.92812
285/300 0 0.92834
286/300 0 0.92812
287/300 0 0.92766
288/300 0 0.92744
289/300 0 0.92653
290/300 0 0.92608
291/300 0 0.92630
292/300 0 0.92676
293/300 0 0.92630
294/300 0 0.92585
295/300 0 0.92630
296/300 0 0.92608
297/300 0 0.92630
298/300 0 0.92630
299/300 0 0.92608
