0/700 0 0.49365
1/700 0 0.60839
2/700 0 0.65556
3/700 0 0.65556
4/700 0 0.67959
5/700 0 0.67710
6/700 0 0.70930
7/700 0 0.70884
8/700 0 0.72245
9/700 0 0.69184
10/700 0 0.73900
11/700 0 0.69977
12/700 0 0.72789
13/700 0 0.71066
14/700 0 0.71905
15/700 0 0.71429
16/700 0 0.69116
17/700 0 0.69524
18/700 0 0.71383
19/700 0 0.69524
20/700 0 0.71224
21/700 0 0.71701
22/700 0 0.69841
23/700 0 0.69252
24/700 0 0.69773
25/700 0 0.68934
26/700 0 0.72018
27/700 0 0.67664
28/700 0 0.68141
29/700 0 0.70113
30/700 0 0.70590
31/700 0 0.72268
32/700 0 0.68118
33/700 0 0.71088
34/700 0 0.67075
35/700 0 0.68526
36/700 0 0.68299
37/700 0 0.71519
38/700 0 0.68277
39/700 0 0.68934
40/700 0 0.66871
41/700 0 0.68095
42/700 0 0.65351
43/700 0 0.68073
44/700 0 0.68458
45/700 0 0.72381
46/700 0 0.69093
47/700 0 0.69705
48/700 0 0.71905
49/700 0 0.70068
50/700 0 0.69025
51/700 0 0.65057
52/700 0 0.71111
53/700 0 0.70045
54/700 0 0.68186
55/700 0 0.69592
56/700 0 0.70952
57/700 0 0.72585
58/700 0 0.66916
59/700 0 0.71247
60/700 0 0.71202
61/700 0 0.69070
62/700 0 0.68095
63/700 0 0.66009
64/700 0 0.69683
65/700 0 0.70862
66/700 0 0.72381
67/700 0 0.70159
68/700 0 0.69342
69/700 0 0.67506
70/700 0 0.68209
71/700 0 0.66621
72/700 0 0.68141
73/700 0 0.66463
74/700 0 0.67846
75/700 0 0.64218
76/700 0 0.66689
77/700 0 0.69909
78/700 0 0.69819
79/700 0 0.66689
80/700 0 0.67211
81/700 0 0.68163
82/700 0 0.65556
83/700 0 0.63923
84/700 0 0.63810
85/700 0 0.66712
86/700 0 0.67483
87/700 0 0.66689
88/700 0 0.66531
89/700 0 0.66621
90/700 0 0.66644
91/700 0 0.66735
92/700 0 0.66780
93/700 0 0.66712
94/700 0 0.66848
95/700 0 0.66803
96/700 0 0.66803
97/700 0 0.66780
98/700 0 0.66848
99/700 0 0.66803
100/700 0 0.66848
101/700 0 0.66893
102/700 0 0.66871
103/700 0 0.66848
104/700 0 0.66848
105/700 0 0.66916
106/700 0 0.66984
107/700 0 0.67120
108/700 0 0.67120
109/700 0 0.67166
110/700 0 0.67279
111/700 0 0.67279
112/700 0 0.67324
113/700 0 0.67551
114/700 0 0.67460
115/700 0 0.67438
116/700 0 0.67664
117/700 0 0.67687
118/700 0 0.67778
119/700 0 0.67755
120/700 0 0.67868
121/700 0 0.67891
122/700 0 0.68073
123/700 0 0.68163
124/700 0 0.68299
125/700 0 0.68322
126/700 0 0.68299
127/700 0 0.68254
128/700 0 0.68345
129/700 0 0.68435
130/700 0 0.68617
131/700 0 0.68639
132/700 0 0.68866
133/700 0 0.68798
134/700 0 0.68844
135/700 0 0.68934
136/700 0 0.68798
137/700 0 0.68776
138/700 0 0.68889
139/700 0 0.68980
140/700 0 0.69002
141/700 0 0.69093
142/700 0 0.69002
143/700 0 0.69116
144/700 0 0.69161
145/700 0 0.69274
146/700 0 0.69297
147/700 0 0.69206
148/700 0 0.69274
149/700 0 0.69297
150/700 0 0.69320
151/700 0 0.69501
152/700 0 0.69592
153/700 0 0.69615
154/700 0 0.69637
155/700 0 0.69592
156/700 0 0.69660
157/700 0 0.69615
158/700 0 0.69615
159/700 0 0.69683
160/700 0 0.69683
161/700 0 0.69705
162/700 0 0.69683
163/700 0 0.69524
164/700 0 0.69773
165/700 0 0.69773
166/700 0 0.69660
167/700 0 0.69728
168/700 0 0.69819
169/700 0 0.69705
170/700 0 0.69887
171/700 0 0.69751
172/700 0 0.70000
173/700 0 0.69705
174/700 0 0.70023
175/700 0 0.69637
176/700 0 0.69320
177/700 0 0.69388
178/700 0 0.69388
179/700 0 0.69524
180/700 0 0.62540
181/700 0 0.66553
182/700 0 0.64943
183/700 0 0.66372
184/700 0 0.64717
185/700 0 0.67029
186/700 0 0.67211
187/700 0 0.65986
188/700 0 0.67415
189/700 0 0.64717
190/700 0 0.63515
191/700 0 0.66100
192/700 0 0.65397
193/700 0 0.71043
194/700 0 0.69002
195/700 0 0.66984
196/700 0 0.73696
197/700 0 0.67302
198/700 0 0.66009
199/700 0 0.64331
200/700 0 0.68209
201/700 0 0.62925
202/700 0 0.66508
203/700 0 0.65646
204/700 0 0.65850
205/700 0 0.65578
206/700 0 0.68005
207/700 0 0.61769
208/700 0 0.69252
209/700 0 0.67800
210/700 0 0.66553
211/700 0 0.71429
212/700 0 0.64376
213/700 0 0.59705
214/700 0 0.70499
215/700 0 0.69683
216/700 0 0.66100
217/700 0 0.68639
218/700 0 0.64104
219/700 0 0.68549
220/700 0 0.66667
221/700 0 0.71474
222/700 0 0.63447
223/700 0 0.65850
224/700 0 0.69410
225/700 0 0.68005
226/700 0 0.67755
227/700 0 0.68390
228/700 0 0.66485
229/700 0 0.67211
230/700 0 0.63696
231/700 0 0.63764
232/700 0 0.65125
233/700 0 0.66327
234/700 0 0.68050
235/700 0 0.65238
236/700 0 0.66893
237/700 0 0.66463
238/700 0 0.66984
239/700 0 0.66145
240/700 0 0.66259
241/700 0 0.66463
242/700 0 0.66621
243/700 0 0.66712
244/700 0 0.66757
245/700 0 0.66712
246/700 0 0.66757
247/700 0 0.66780
248/700 0 0.66893
249/700 0 0.66893
250/700 0 0.66939
251/700 0 0.66984
252/700 0 0.66984
253/700 0 0.67120
254/700 0 0.67279
255/700 0 0.67370
256/700 0 0.67279
257/700 0 0.67279
258/700 0 0.67302
259/700 0 0.67347
260/700 0 0.67347
261/700 0 0.67347
262/700 0 0.67392
263/700 0 0.67370
264/700 0 0.67415
265/700 0 0.67415
266/700 0 0.67460
267/700 0 0.67460
268/700 0 0.67506
269/700 0 0.67619
270/700 0 0.67619
271/700 0 0.67642
272/700 0 0.67642
273/700 0 0.67732
274/700 0 0.67800
275/700 0 0.67868
276/700 0 0.67823
277/700 0 0.67823
278/700 0 0.67891
279/700 0 0.67846
280/700 0 0.67937
281/700 0 0.68027
282/700 0 0.68027
283/700 0 0.68209
284/700 0 0.68163
285/700 0 0.68277
286/700 0 0.68367
287/700 0 0.68322
288/700 0 0.68322
289/700 0 0.68277
290/700 0 0.68254
291/700 0 0.68322
292/700 0 0.68481
293/700 0 0.68345
294/700 0 0.68549
295/700 0 0.68549
296/700 0 0.68549
297/700 0 0.68662
298/700 0 0.68685
299/700 0 0.68685
300/700 0 0.68730
301/700 0 0.68798
302/700 0 0.68844
303/700 0 0.68821
304/700 0 0.69048
305/700 0 0.69138
306/700 0 0.69025
307/700 0 0.69161
308/700 0 0.69161
309/700 0 0.69184
310/700 0 0.69184
311/700 0 0.69206
312/700 0 0.69229
313/700 0 0.69297
314/700 0 0.69320
315/700 0 0.69229
316/700 0 0.69184
317/700 0 0.69274
318/700 0 0.69229
319/700 0 0.69138
320/700 0 0.69184
321/700 0 0.69138
322/700 0 0.69252
323/700 0 0.69229
324/700 0 0.69116
325/700 0 0.69184
326/700 0 0.69002
327/700 0 0.68912
328/700 0 0.69116
329/700 0 0.69048
330/700 0 0.68685
331/700 0 0.69093
332/700 0 0.68594
333/700 0 0.68821
334/700 0 0.68866
335/700 0 0.68435
336/700 0 0.63810
337/700 0 0.59819
338/700 0 0.62653
339/700 0 0.64694
340/700 0 0.62698
341/700 0 0.70612
342/700 0 0.66372
343/700 0 0.72834
344/700 0 0.72290
345/700 0 0.64785
346/700 0 0.72018
347/700 0 0.69546
348/700 0 0.63832
349/700 0 0.65805
350/700 0 0.66553
351/700 0 0.68163
352/700 0 0.64286
353/700 0 0.66667
354/700 0 0.70680
355/700 0 0.69524
356/700 0 0.62063
357/700 0 0.66667
358/700 0 0.68005
359/700 0 0.67234
360/700 0 0.65306
361/700 0 0.67052
362/700 0 0.59048
363/700 0 0.65941
364/700 0 0.67234
365/700 0 0.66236
366/700 0 0.66531
367/700 0 0.63741
368/700 0 0.68594
369/700 0 0.63855
370/700 0 0.65601
371/700 0 0.69887
372/700 0 0.65692
373/700 0 0.66417
374/700 0 0.67891
375/700 0 0.66349
376/700 0 0.64240
377/700 0 0.67528
378/700 0 0.64422
379/700 0 0.67166
380/700 0 0.70068
381/700 0 0.66531
382/700 0 0.70952
383/700 0 0.68776
384/700 0 0.69320
385/700 0 0.61723
386/700 0 0.67619
387/700 0 0.65329
388/700 0 0.65306
389/700 0 0.66417
390/700 0 0.67596
391/700 0 0.67937
392/700 0 0.60862
393/700 0 0.64059
394/700 0 0.66485
395/700 0 0.64807
396/700 0 0.67098
397/700 0 0.67415
398/700 0 0.67506
399/700 0 0.67506
400/700 0 0.67619
401/700 0 0.67642
402/700 0 0.67710
403/700 0 0.67664
404/700 0 0.67755
405/700 0 0.67732
406/700 0 0.67755
407/700 0 0.67800
408/700 0 0.67846
409/700 0 0.67891
410/700 0 0.67959
411/700 0 0.67959
412/700 0 0.68005
413/700 0 0.68118
414/700 0 0.68186
415/700 0 0.68186
416/700 0 0.68231
417/700 0 0.68254
418/700 0 0.68254
419/700 0 0.68277
420/700 0 0.68299
421/700 0 0.68367
422/700 0 0.68345
423/700 0 0.68435
424/700 0 0.68481
425/700 0 0.68639
426/700 0 0.68594
427/700 0 0.68639
428/700 0 0.68685
429/700 0 0.68707
430/700 0 0.68776
431/700 0 0.68912
432/700 0 0.68912
433/700 0 0.69002
434/700 0 0.69048
435/700 0 0.69070
436/700 0 0.69093
437/700 0 0.69206
438/700 0 0.69274
439/700 0 0.69342
440/700 0 0.69501
441/700 0 0.69592
442/700 0 0.69660
443/700 0 0.69683
444/700 0 0.69660
445/700 0 0.69705
446/700 0 0.69751
447/700 0 0.69705
448/700 0 0.69728
449/700 0 0.69796
450/700 0 0.69819
451/700 0 0.69819
452/700 0 0.69819
453/700 0 0.69864
454/700 0 0.69932
455/700 0 0.70023
456/700 0 0.70023
457/700 0 0.70045
458/700 0 0.70068
459/700 0 0.70068
460/700 0 0.70045
461/700 0 0.70068
462/700 0 0.70045
463/700 0 0.70045
464/700 0 0.70068
465/700 0 0.70091
466/700 0 0.70159
467/700 0 0.70159
468/700 0 0.70363
469/700 0 0.70249
470/700 0 0.70204
471/700 0 0.70295
472/700 0 0.70295
473/700 0 0.70317
474/700 0 0.70363
475/700 0 0.70181
476/700 0 0.70227
477/700 0 0.70204
478/700 0 0.70159
479/700 0 0.70045
480/700 0 0.70045
481/700 0 0.70023
482/700 0 0.69887
483/700 0 0.69955
484/700 0 0.69728
485/700 0 0.69705
486/700 0 0.69615
487/700 0 0.69478
488/700 0 0.69478
489/700 0 0.69683
490/700 0 0.69456
491/700 0 0.69615
492/700 0 0.69365
493/700 0 0.69342
494/700 0 0.69206
495/700 0 0.69274
496/700 0 0.69093
497/700 0 0.69206
498/700 0 0.70113
499/700 0 0.61474
500/700 0 0.65624
501/700 0 0.61383
502/700 0 0.65283
503/700 0 0.64150
504/700 0 0.68277
505/700 0 0.67619
506/700 0 0.66077
507/700 0 0.62404
508/700 0 0.69252
509/700 0 0.63855
510/700 0 0.65102
511/700 0 0.61202
512/700 0 0.63197
513/700 0 0.71383
514/700 0 0.69433
515/700 0 0.64649
516/700 0 0.69909
517/700 0 0.66757
518/700 0 0.67415
519/700 0 0.67234
520/700 0 0.64195
521/700 0 0.68299
522/700 0 0.64739
523/700 0 0.61497
524/700 0 0.69410
525/700 0 0.66236
526/700 0 0.69819
527/700 0 0.69705
528/700 0 0.70930
529/700 0 0.67710
530/700 0 0.64739
531/700 0 0.65306
532/700 0 0.69660
533/700 0 0.66735
534/700 0 0.69433
535/700 0 0.68798
536/700 0 0.63356
537/700 0 0.68912
538/700 0 0.68367
539/700 0 0.71814
540/700 0 0.66395
541/700 0 0.64286
542/700 0 0.65964
543/700 0 0.66122
544/700 0 0.68776
545/700 0 0.65714
546/700 0 0.61746
547/700 0 0.67415
548/700 0 0.65646
549/700 0 0.69274
550/700 0 0.66757
551/700 0 0.64218
552/700 0 0.70113
553/700 0 0.67211
554/700 0 0.64308
555/700 0 0.67188
556/700 0 0.67687
557/700 0 0.65238
558/700 0 0.65986
559/700 0 0.67914
560/700 0 0.68299
561/700 0 0.73537
562/700 0 0.64082
563/700 0 0.67256
564/700 0 0.66304
565/700 0 0.68458
566/700 0 0.68481
567/700 0 0.66599
568/700 0 0.69501
569/700 0 0.66984
570/700 0 0.72608
571/700 0 0.72222
572/700 0 0.70476
573/700 0 0.68141
574/700 0 0.70839
575/700 0 0.64853
576/700 0 0.66349
577/700 0 0.71950
578/700 0 0.66916
579/700 0 0.70567
580/700 0 0.68322
581/700 0 0.69229
582/700 0 0.72971
583/700 0 0.65283
584/700 0 0.66122
585/700 0 0.68073
586/700 0 0.68617
587/700 0 0.67959
588/700 0 0.65737
589/700 0 0.70159
590/700 0 0.69751
591/700 0 0.72222
592/700 0 0.73061
593/700 0 0.71474
594/700 0 0.68277
595/700 0 0.73991
596/700 0 0.65964
597/700 0 0.73946
598/700 0 0.69002
599/700 0 0.64989
600/700 0 0.69025
601/700 0 0.68503
602/700 0 0.58866
603/700 0 0.66599
604/700 0 0.67846
605/700 0 0.68073
606/700 0 0.65941
607/700 0 0.71179
608/700 0 0.72086
609/700 0 0.63923
610/700 0 0.68549
611/700 0 0.68073
612/700 0 0.69478
613/700 0 0.61451
614/700 0 0.70794
615/700 0 0.71927
616/700 0 0.65850
617/700 0 0.71497
618/700 0 0.64785
619/700 0 0.67370
620/700 0 0.67687
621/700 0 0.66576
622/700 0 0.62608
623/700 0 0.63356
624/700 0 0.65125
625/700 0 0.69615
626/700 0 0.70771
627/700 0 0.59864
628/700 0 0.72562
629/700 0 0.64558
630/700 0 0.67823
631/700 0 0.71043
632/700 0 0.69297
633/700 0 0.70590
634/700 0 0.67324
635/700 0 0.72222
636/700 0 0.63492
637/700 0 0.69342
638/700 0 0.69796
639/700 0 0.67211
640/700 0 0.69025
641/700 0 0.65692
642/700 0 0.64240
643/700 0 0.66009
644/700 0 0.63016
645/700 0 0.66735
646/700 0 0.63401
647/700 0 0.67868
648/700 0 0.64036
649/700 0 0.67710
650/700 0 0.66349
651/700 0 0.71859
652/700 0 0.74104
653/700 0 0.61927
654/700 0 0.69524
655/700 0 0.69388
656/700 0 0.75215
657/700 0 0.69365
658/700 0 0.65533
659/700 0 0.64785
660/700 0 0.70544
661/700 0 0.69274
662/700 0 0.69138
663/700 0 0.66644
664/700 0 0.71587
665/700 0 0.65510
666/700 0 0.73061
667/700 0 0.67551
668/700 0 0.71950
669/700 0 0.68934
670/700 0 0.70930
671/700 0 0.70317
672/700 0 0.66803
673/700 0 0.68050
674/700 0 0.71814
675/700 0 0.68821
676/700 0 0.67891
677/700 0 0.63673
678/700 0 0.67098
679/700 0 0.61633
680/700 0 0.66145
681/700 0 0.68027
682/700 0 0.72766
683/700 0 0.66145
684/700 0 0.63061
685/700 0 0.63356
686/700 0 0.66259
687/700 0 0.66803
688/700 0 0.71134
689/700 0 0.69909
690/700 0 0.66508
691/700 0 0.67460
692/700 0 0.72789
693/700 0 0.68367
694/700 0 0.66122
695/700 0 0.72358
696/700 0 0.66054
697/700 0 0.67710
698/700 0 0.63991
699/700 0 0.75374
