0/700 0 0.71519
1/700 0 0.80975
2/700 0 0.84422
3/700 0 0.83401
4/700 0 0.84535
5/700 0 0.85488
6/700 0 0.87007
7/700 0 0.86916
8/700 0 0.87234
9/700 0 0.88005
10/700 0 0.88662
11/700 0 0.88980
12/700 0 0.86621
13/700 0 0.89138
14/700 0 0.87664
15/700 0 0.89161
16/700 0 0.89093
17/700 0 0.87642
18/700 0 0.89592
19/700 0 0.90884
20/700 0 0.87415
21/700 0 0.90930
22/700 0 0.90340
23/700 0 0.89932
24/700 0 0.90363
25/700 0 0.90816
26/700 0 0.91769
27/700 0 0.88980
28/700 0 0.89955
29/700 0 0.88186
30/700 0 0.90227
31/700 0 0.90408
32/700 0 0.90272
33/700 0 0.90771
34/700 0 0.91088
35/700 0 0.89728
36/700 0 0.89478
37/700 0 0.92290
38/700 0 0.90295
39/700 0 0.90431
40/700 0 0.90272
41/700 0 0.91156
42/700 0 0.91406
43/700 0 0.90431
44/700 0 0.90612
45/700 0 0.90794
46/700 0 0.91156
47/700 0 0.91655
48/700 0 0.92449
49/700 0 0.92041
50/700 0 0.93152
51/700 0 0.93696
52/700 0 0.92018
53/700 0 0.92336
54/700 0 0.92472
55/700 0 0.92540
56/700 0 0.91111
57/700 0 0.91837
58/700 0 0.92494
59/700 0 0.93673
60/700 0 0.93288
61/700 0 0.90522
62/700 0 0.90204
63/700 0 0.92834
64/700 0 0.93719
65/700 0 0.93787
66/700 0 0.93084
67/700 0 0.93220
68/700 0 0.93061
69/700 0 0.93628
70/700 0 0.91179
71/700 0 0.92222
72/700 0 0.94286
73/700 0 0.92358
74/700 0 0.94036
75/700 0 0.93061
76/700 0 0.91406
77/700 0 0.92971
78/700 0 0.94308
79/700 0 0.93787
80/700 0 0.94399
81/700 0 0.90023
82/700 0 0.92018
83/700 0 0.92358
84/700 0 0.89637
85/700 0 0.93855
86/700 0 0.94354
87/700 0 0.92925
88/700 0 0.94512
89/700 0 0.93787
90/700 0 0.92426
91/700 0 0.92585
92/700 0 0.93741
93/700 0 0.92902
94/700 0 0.92880
95/700 0 0.91950
96/700 0 0.92472
97/700 0 0.93560
98/700 0 0.93311
99/700 0 0.92041
100/700 0 0.92993
101/700 0 0.94172
102/700 0 0.92948
103/700 0 0.93560
104/700 0 0.93265
105/700 0 0.94286
106/700 0 0.91406
107/700 0 0.93152
108/700 0 0.93515
109/700 0 0.93469
110/700 0 0.93923
111/700 0 0.93741
112/700 0 0.93968
113/700 0 0.92676
114/700 0 0.91973
115/700 0 0.94127
116/700 0 0.92290
117/700 0 0.93605
118/700 0 0.94172
119/700 0 0.94059
120/700 0 0.93197
121/700 0 0.93492
122/700 0 0.92472
123/700 0 0.93787
124/700 0 0.93220
125/700 0 0.93628
126/700 0 0.92268
127/700 0 0.93900
128/700 0 0.93401
129/700 0 0.94059
130/700 0 0.93152
131/700 0 0.93560
132/700 0 0.93311
133/700 0 0.95102
134/700 0 0.93923
135/700 0 0.91995
136/700 0 0.93696
137/700 0 0.93016
138/700 0 0.93107
139/700 0 0.93288
140/700 0 0.93719
141/700 0 0.93855
142/700 0 0.94082
143/700 0 0.92245
144/700 0 0.92902
145/700 0 0.94218
146/700 0 0.94059
147/700 0 0.93333
148/700 0 0.92381
149/700 0 0.92971
150/700 0 0.93605
151/700 0 0.94444
152/700 0 0.91156
153/700 0 0.94853
154/700 0 0.93401
155/700 0 0.94104
156/700 0 0.93333
157/700 0 0.94580
158/700 0 0.94603
159/700 0 0.94603
160/700 0 0.94603
161/700 0 0.94626
162/700 0 0.94626
163/700 0 0.94626
164/700 0 0.94649
165/700 0 0.94649
166/700 0 0.94649
167/700 0 0.94649
168/700 0 0.94671
169/700 0 0.94694
170/700 0 0.94717
171/700 0 0.94717
172/700 0 0.94739
173/700 0 0.94739
174/700 0 0.94762
175/700 0 0.94762
176/700 0 0.94762
177/700 0 0.94762
178/700 0 0.94739
179/700 0 0.94739
180/700 0 0.94717
181/700 0 0.94717
182/700 0 0.94717
183/700 0 0.94717
184/700 0 0.94762
185/700 0 0.94762
186/700 0 0.94762
187/700 0 0.94762
188/700 0 0.94762
189/700 0 0.94762
190/700 0 0.94785
191/700 0 0.94785
192/700 0 0.94807
193/700 0 0.94807
194/700 0 0.94807
195/700 0 0.94807
196/700 0 0.94807
197/700 0 0.94785
198/700 0 0.94830
199/700 0 0.94807
200/700 0 0.94807
201/700 0 0.94807
202/700 0 0.94807
203/700 0 0.94785
204/700 0 0.94785
205/700 0 0.94785
206/700 0 0.94785
207/700 0 0.94830
208/700 0 0.94830
209/700 0 0.94830
210/700 0 0.94830
211/700 0 0.94830
212/700 0 0.94875
213/700 0 0.94875
214/700 0 0.94875
215/700 0 0.94875
216/700 0 0.94898
217/700 0 0.94898
218/700 0 0.94898
219/700 0 0.94898
220/700 0 0.94875
221/700 0 0.94853
222/700 0 0.94875
223/700 0 0.94875
224/700 0 0.94875
225/700 0 0.94875
226/700 0 0.94875
227/700 0 0.94875
228/700 0 0.94875
229/700 0 0.94875
230/700 0 0.94853
231/700 0 0.94875
232/700 0 0.94853
233/700 0 0.94853
234/700 0 0.94853
235/700 0 0.94853
236/700 0 0.94898
237/700 0 0.94898
238/700 0 0.94898
239/700 0 0.94898
240/700 0 0.94898
241/700 0 0.94898
242/700 0 0.94898
243/700 0 0.94898
244/700 0 0.94898
245/700 0 0.94898
246/700 0 0.94898
247/700 0 0.94921
248/700 0 0.94943
249/700 0 0.94921
250/700 0 0.94943
251/700 0 0.94921
252/700 0 0.94943
253/700 0 0.94921
254/700 0 0.94898
255/700 0 0.94875
256/700 0 0.94875
257/700 0 0.94898
258/700 0 0.94853
259/700 0 0.94853
260/700 0 0.94830
261/700 0 0.94853
262/700 0 0.94898
263/700 0 0.94853
264/700 0 0.94875
265/700 0 0.94807
266/700 0 0.94807
267/700 0 0.94853
268/700 0 0.94853
269/700 0 0.94875
270/700 0 0.94898
271/700 0 0.94875
272/700 0 0.94875
273/700 0 0.94966
274/700 0 0.84875
275/700 0 0.94331
276/700 0 0.91088
277/700 0 0.93197
278/700 0 0.94127
279/700 0 0.93900
280/700 0 0.94104
281/700 0 0.94240
282/700 0 0.94263
283/700 0 0.94263
284/700 0 0.94263
285/700 0 0.94263
286/700 0 0.94263
287/700 0 0.94286
288/700 0 0.94308
289/700 0 0.94308
290/700 0 0.94308
291/700 0 0.94308
292/700 0 0.94308
293/700 0 0.94308
294/700 0 0.94308
295/700 0 0.94308
296/700 0 0.94331
297/700 0 0.94308
298/700 0 0.94308
299/700 0 0.94286
300/700 0 0.94263
301/700 0 0.94286
302/700 0 0.94286
303/700 0 0.94286
304/700 0 0.94286
305/700 0 0.94286
306/700 0 0.94263
307/700 0 0.94263
308/700 0 0.94286
309/700 0 0.94286
310/700 0 0.94286
311/700 0 0.94308
312/700 0 0.94263
313/700 0 0.94263
314/700 0 0.94263
315/700 0 0.94263
316/700 0 0.94286
317/700 0 0.94286
318/700 0 0.94308
319/700 0 0.94308
320/700 0 0.94308
321/700 0 0.94331
322/700 0 0.94331
323/700 0 0.94354
324/700 0 0.94354
325/700 0 0.94376
326/700 0 0.94376
327/700 0 0.94376
328/700 0 0.94376
329/700 0 0.94376
330/700 0 0.94331
331/700 0 0.94331
332/700 0 0.94331
333/700 0 0.94376
334/700 0 0.94399
335/700 0 0.94376
336/700 0 0.94376
337/700 0 0.94376
338/700 0 0.94376
339/700 0 0.94376
340/700 0 0.94376
341/700 0 0.94399
342/700 0 0.94376
343/700 0 0.94376
344/700 0 0.94376
345/700 0 0.94376
346/700 0 0.94331
347/700 0 0.94331
348/700 0 0.94331
349/700 0 0.94331
350/700 0 0.94331
351/700 0 0.94308
352/700 0 0.94331
353/700 0 0.94286
354/700 0 0.94263
355/700 0 0.94263
356/700 0 0.94286
357/700 0 0.94286
358/700 0 0.94263
359/700 0 0.94263
360/700 0 0.94263
361/700 0 0.94286
362/700 0 0.94286
363/700 0 0.94263
364/700 0 0.94263
365/700 0 0.94263
366/700 0 0.94263
367/700 0 0.94263
368/700 0 0.94286
369/700 0 0.94286
370/700 0 0.94263
371/700 0 0.94286
372/700 0 0.94286
373/700 0 0.94308
374/700 0 0.94286
375/700 0 0.94308
376/700 0 0.94331
377/700 0 0.94308
378/700 0 0.94331
379/700 0 0.94331
380/700 0 0.94331
381/700 0 0.94354
382/700 0 0.94399
383/700 0 0.94331
384/700 0 0.94354
385/700 0 0.94376
386/700 0 0.94376
387/700 0 0.94399
388/700 0 0.94354
389/700 0 0.94376
390/700 0 0.94422
391/700 0 0.94308
392/700 0 0.94376
393/700 0 0.92222
394/700 0 0.93923
395/700 0 0.93628
396/700 0 0.93197
397/700 0 0.92200
398/700 0 0.93288
399/700 0 0.94172
400/700 0 0.93878
401/700 0 0.94512
402/700 0 0.92948
403/700 0 0.93061
404/700 0 0.94036
405/700 0 0.93197
406/700 0 0.93107
407/700 0 0.92834
408/700 0 0.92222
409/700 0 0.92336
410/700 0 0.93220
411/700 0 0.93946
412/700 0 0.91837
413/700 0 0.93560
414/700 0 0.94490
415/700 0 0.94807
416/700 0 0.93333
417/700 0 0.94331
418/700 0 0.93039
419/700 0 0.94649
420/700 0 0.93605
421/700 0 0.92177
422/700 0 0.93265
423/700 0 0.92449
424/700 0 0.94263
425/700 0 0.93946
426/700 0 0.94195
427/700 0 0.94263
428/700 0 0.93061
429/700 0 0.94150
430/700 0 0.93560
431/700 0 0.94331
432/700 0 0.94535
433/700 0 0.93832
434/700 0 0.93673
435/700 0 0.92789
436/700 0 0.94308
437/700 0 0.94762
438/700 0 0.95351
439/700 0 0.94467
440/700 0 0.94898
441/700 0 0.93900
442/700 0 0.93175
443/700 0 0.94717
444/700 0 0.93084
445/700 0 0.93787
446/700 0 0.93515
447/700 0 0.94218
448/700 0 0.94535
449/700 0 0.93878
450/700 0 0.94218
451/700 0 0.94694
452/700 0 0.94739
453/700 0 0.94603
454/700 0 0.94943
455/700 0 0.94807
456/700 0 0.94014
457/700 0 0.93197
458/700 0 0.93991
459/700 0 0.94286
460/700 0 0.93288
461/700 0 0.94671
462/700 0 0.95034
463/700 0 0.91451
464/700 0 0.91406
465/700 0 0.93651
466/700 0 0.91202
467/700 0 0.94422
468/700 0 0.94422
469/700 0 0.94263
470/700 0 0.94286
471/700 0 0.94286
472/700 0 0.94286
473/700 0 0.94286
474/700 0 0.94263
475/700 0 0.94263
476/700 0 0.94263
477/700 0 0.94263
478/700 0 0.94263
479/700 0 0.94286
480/700 0 0.94286
481/700 0 0.94308
482/700 0 0.94308
483/700 0 0.94308
484/700 0 0.94308
485/700 0 0.94331
486/700 0 0.94331
487/700 0 0.94331
488/700 0 0.94331
489/700 0 0.94331
490/700 0 0.94331
491/700 0 0.94331
492/700 0 0.94331
493/700 0 0.94331
494/700 0 0.94331
495/700 0 0.94331
496/700 0 0.94331
497/700 0 0.94308
498/700 0 0.94286
499/700 0 0.94286
500/700 0 0.94286
501/700 0 0.94308
502/700 0 0.94308
503/700 0 0.94308
504/700 0 0.94331
505/700 0 0.94331
506/700 0 0.94331
507/700 0 0.94286
508/700 0 0.94286
509/700 0 0.94263
510/700 0 0.94263
511/700 0 0.94263
512/700 0 0.94263
513/700 0 0.94240
514/700 0 0.94240
515/700 0 0.94240
516/700 0 0.94240
517/700 0 0.94240
518/700 0 0.94240
519/700 0 0.94240
520/700 0 0.94240
521/700 0 0.94240
522/700 0 0.94240
523/700 0 0.94263
524/700 0 0.94263
525/700 0 0.94286
526/700 0 0.94286
527/700 0 0.94286
528/700 0 0.94286
529/700 0 0.94286
530/700 0 0.94286
531/700 0 0.94286
532/700 0 0.94286
533/700 0 0.94286
534/700 0 0.94308
535/700 0 0.94308
536/700 0 0.94308
537/700 0 0.94308
538/700 0 0.94308
539/700 0 0.94308
540/700 0 0.94308
541/700 0 0.94331
542/700 0 0.94331
543/700 0 0.94331
544/700 0 0.94331
545/700 0 0.94354
546/700 0 0.94354
547/700 0 0.94331
548/700 0 0.94331
549/700 0 0.94308
550/700 0 0.94308
551/700 0 0.94331
552/700 0 0.94331
553/700 0 0.94331
554/700 0 0.94331
555/700 0 0.94331
556/700 0 0.94331
557/700 0 0.94308
558/700 0 0.94331
559/700 0 0.94331
560/700 0 0.94354
561/700 0 0.94354
562/700 0 0.94354
563/700 0 0.94354
564/700 0 0.94354
565/700 0 0.94376
566/700 0 0.94376
567/700 0 0.94376
568/700 0 0.94376
569/700 0 0.94354
570/700 0 0.94354
571/700 0 0.94331
572/700 0 0.94354
573/700 0 0.94376
574/700 0 0.94354
575/700 0 0.94331
576/700 0 0.94331
577/700 0 0.92948
578/700 0 0.94036
579/700 0 0.94082
580/700 0 0.94240
581/700 0 0.94694
582/700 0 0.94739
583/700 0 0.94717
584/700 0 0.94717
585/700 0 0.94717
586/700 0 0.94717
587/700 0 0.94717
588/700 0 0.94717
589/700 0 0.94717
590/700 0 0.94717
591/700 0 0.94717
592/700 0 0.94717
593/700 0 0.94717
594/700 0 0.94739
595/700 0 0.94739
596/700 0 0.94739
597/700 0 0.94739
598/700 0 0.94739
599/700 0 0.94739
600/700 0 0.94739
601/700 0 0.94739
602/700 0 0.94717
603/700 0 0.94717
604/700 0 0.94739
605/700 0 0.94739
606/700 0 0.94739
607/700 0 0.94739
608/700 0 0.94739
609/700 0 0.94739
610/700 0 0.94739
611/700 0 0.94739
612/700 0 0.94739
613/700 0 0.94739
614/700 0 0.94739
615/700 0 0.94739
616/700 0 0.94762
617/700 0 0.94762
618/700 0 0.94762
619/700 0 0.94762
620/700 0 0.94785
621/700 0 0.94785
622/700 0 0.94785
623/700 0 0.94785
624/700 0 0.94785
625/700 0 0.94785
626/700 0 0.94785
627/700 0 0.94785
628/700 0 0.94785
629/700 0 0.94785
630/700 0 0.94785
631/700 0 0.94785
632/700 0 0.94785
633/700 0 0.94785
634/700 0 0.94785
635/700 0 0.94785
636/700 0 0.94785
637/700 0 0.94807
638/700 0 0.94807
639/700 0 0.94807
640/700 0 0.94830
641/700 0 0.94830
642/700 0 0.94830
643/700 0 0.94830
644/700 0 0.94830
645/700 0 0.94830
646/700 0 0.94830
647/700 0 0.94830
648/700 0 0.94853
649/700 0 0.94853
650/700 0 0.94853
651/700 0 0.94830
652/700 0 0.94830
653/700 0 0.94830
654/700 0 0.94853
655/700 0 0.94830
656/700 0 0.94830
657/700 0 0.94830
658/700 0 0.94830
659/700 0 0.94830
660/700 0 0.94830
661/700 0 0.94830
662/700 0 0.94853
663/700 0 0.94853
664/700 0 0.94853
665/700 0 0.94853
666/700 0 0.94853
667/700 0 0.94853
668/700 0 0.94853
669/700 0 0.94853
670/700 0 0.94853
671/700 0 0.94853
672/700 0 0.94853
673/700 0 0.94830
674/700 0 0.94830
675/700 0 0.94830
676/700 0 0.94830
677/700 0 0.94807
678/700 0 0.94807
679/700 0 0.94807
680/700 0 0.94807
681/700 0 0.94807
682/700 0 0.94785
683/700 0 0.94785
684/700 0 0.94762
685/700 0 0.94807
686/700 0 0.94762
687/700 0 0.94739
688/700 0 0.94785
689/700 0 0.94739
690/700 0 0.94762
691/700 0 0.94694
692/700 0 0.94739
693/700 0 0.94444
694/700 0 0.92630
695/700 0 0.93288
696/700 0 0.93197
697/700 0 0.93379
698/700 0 0.93424
699/700 0 0.92517
